<?xml version="1.0" encoding="UTF-8"?>
<!-- Generated by org.testng.reporters.JUnitReportReporter -->
<testsuite hostname="Vishnu" name="com.wbl.login.test.LoginTest" tests="1" failures="0" timestamp="4 Feb 2016 17:26:20 GMT" time="28.098" errors="0">
  <testcase name="loginTest" time="28.098" classname="com.wbl.login.test.LoginTest"/>
</testsuite> <!-- com.wbl.login.test.LoginTest -->
